{"level":"error","message":"error.message"}
{"level":"error","message":"aaaa"}
{"level":"error","message":"aaaa"}
{"level":"error","message":"aaaa"}
{"level":"error","message":"aaaa"}
{"level":"error","message":"aaaa"}
{"level":"error","message":"aaaa"}
{"level":"error","message":"aaaa"}
{"level":"error","message":"aaaa"}
{"level":"error","message":"PaymentModel.daleteMany is not a function"}
{"level":"error","message":"Regular expression is invalid: missing terminating ] for character class"}
{"level":"error","message":"Regular expression is invalid: missing terminating ] for character class"}
{"level":"error","message":"lastPayment.id is not a function"}
{"level":"error","message":"lastPayment.id is not a function"}
{"level":"error","message":"Cannot read properties of undefined (reading 'id')"}
{"level":"error","message":"Cannot read properties of undefined (reading 'id')"}
{"level":"error","message":"Cast to ObjectID failed for value \"a\" at path \"_id\" for model \"PaymentModel\""}
{"level":"error","message":"Cannot read properties of undefined (reading 'id')"}
{"level":"error","message":"Cannot read properties of undefined (reading 'id')"}
{"level":"error","message":"Parameter \"obj\" to Document() must be an object, got true"}
{"level":"error","message":"Parameter \"obj\" to Document() must be an object, got true"}
{"level":"error","message":"Parameter \"obj\" to Document() must be an object, got 63fde81ad779c22f80c9aa3d"}
{"level":"error","message":"Cast to Can't use $nen with Number. failed for value \"undefined\" at path \"undefined\" for model \"PaymentModel\""}
{"level":"error","message":"unknown top level operator: $set. If you have a field name that starts with a '$' symbol, consider using $getField or $setField."}
{"level":"error","message":"unknown top level operator: $set. If you have a field name that starts with a '$' symbol, consider using $getField or $setField."}
{"level":"error","message":"Can't use $set with Array."}
{"level":"error","message":"Can't use $set with Array."}
{"level":"error"}
